2022-11-27 16:27:13.072 [main] INFO  org.springframework.boot.StartupInfoLogger.logStarting(StartupInfoLogger.java:55) - Starting BlogApiApplication using Java 1.8.0_341 on LAPTOP-HS8QAR35 with PID 27520 (D:\CALCoding\Spring_Project\FinalProject\blog-api\target\classes started by 61450 in D:\CALCoding\Spring_Project\FinalProject\blog-api)
2022-11-27 16:27:13.079 [main] INFO  org.springframework.boot.SpringApplication.logStartupProfileInfo(SpringApplication.java:637) - The following 1 profile is active: "dev"
2022-11-27 16:27:13.861 [main] INFO  org.springframework.boot.web.embedded.tomcat.TomcatWebServer.initialize(TomcatWebServer.java:108) - Tomcat initialized with port(s): 8888 (http)
2022-11-27 16:27:13.867 [main] INFO  org.apache.juli.logging.DirectJDKLog.log(DirectJDKLog.java:173) - Initializing ProtocolHandler ["http-nio-8888"]
2022-11-27 16:27:13.896 [main] INFO  org.apache.juli.logging.DirectJDKLog.log(DirectJDKLog.java:173) - Starting service [Tomcat]
2022-11-27 16:27:13.896 [main] INFO  org.apache.juli.logging.DirectJDKLog.log(DirectJDKLog.java:173) - Starting Servlet engine: [Apache Tomcat/9.0.69]
2022-11-27 16:27:14.057 [main] INFO  org.apache.juli.logging.DirectJDKLog.log(DirectJDKLog.java:173) - Initializing Spring embedded WebApplicationContext
2022-11-27 16:27:14.057 [main] INFO  org.springframework.boot.web.servlet.context.ServletWebServerApplicationContext.prepareWebApplicationContext(ServletWebServerApplicationContext.java:292) - Root WebApplicationContext: initialization completed in 943 ms
2022-11-27 16:27:14.492 [main] INFO  org.apache.juli.logging.DirectJDKLog.log(DirectJDKLog.java:173) - Starting ProtocolHandler ["http-nio-8888"]
2022-11-27 16:27:14.504 [main] INFO  org.springframework.boot.web.embedded.tomcat.TomcatWebServer.start(TomcatWebServer.java:220) - Tomcat started on port(s): 8888 (http) with context path ''
2022-11-27 16:27:14.512 [main] INFO  org.springframework.boot.StartupInfoLogger.logStarted(StartupInfoLogger.java:61) - Started BlogApiApplication in 1.984 seconds (JVM running for 3.385)
2022-11-27 16:27:34.725 [main] INFO  org.springframework.boot.StartupInfoLogger.logStarting(StartupInfoLogger.java:55) - Starting BlogApiApplication using Java 1.8.0_341 on LAPTOP-HS8QAR35 with PID 7444 (D:\CALCoding\Spring_Project\FinalProject\blog-api\target\classes started by 61450 in D:\CALCoding\Spring_Project\FinalProject\blog-api)
2022-11-27 16:27:34.732 [main] INFO  org.springframework.boot.SpringApplication.logStartupProfileInfo(SpringApplication.java:637) - The following 1 profile is active: "dev"
2022-11-27 16:27:35.516 [main] INFO  org.springframework.boot.web.embedded.tomcat.TomcatWebServer.initialize(TomcatWebServer.java:108) - Tomcat initialized with port(s): 8888 (http)
2022-11-27 16:27:35.525 [main] INFO  org.apache.juli.logging.DirectJDKLog.log(DirectJDKLog.java:173) - Initializing ProtocolHandler ["http-nio-8888"]
2022-11-27 16:27:35.526 [main] INFO  org.apache.juli.logging.DirectJDKLog.log(DirectJDKLog.java:173) - Starting service [Tomcat]
2022-11-27 16:27:35.526 [main] INFO  org.apache.juli.logging.DirectJDKLog.log(DirectJDKLog.java:173) - Starting Servlet engine: [Apache Tomcat/9.0.69]
2022-11-27 16:27:35.687 [main] INFO  org.apache.juli.logging.DirectJDKLog.log(DirectJDKLog.java:173) - Initializing Spring embedded WebApplicationContext
2022-11-27 16:27:35.687 [main] INFO  org.springframework.boot.web.servlet.context.ServletWebServerApplicationContext.prepareWebApplicationContext(ServletWebServerApplicationContext.java:292) - Root WebApplicationContext: initialization completed in 922 ms
2022-11-27 16:27:36.120 [main] INFO  org.apache.juli.logging.DirectJDKLog.log(DirectJDKLog.java:173) - Starting ProtocolHandler ["http-nio-8888"]
2022-11-27 16:27:36.134 [main] INFO  org.springframework.boot.web.embedded.tomcat.TomcatWebServer.start(TomcatWebServer.java:220) - Tomcat started on port(s): 8888 (http) with context path ''
2022-11-27 16:27:36.142 [main] INFO  org.springframework.boot.StartupInfoLogger.logStarted(StartupInfoLogger.java:61) - Started BlogApiApplication in 1.921 seconds (JVM running for 3.311)
2022-11-27 16:27:49.597 [main] INFO  org.springframework.boot.StartupInfoLogger.logStarting(StartupInfoLogger.java:55) - Starting BlogApiApplication using Java 1.8.0_341 on LAPTOP-HS8QAR35 with PID 22832 (D:\CALCoding\Spring_Project\FinalProject\blog-api\target\classes started by 61450 in D:\CALCoding\Spring_Project\FinalProject\blog-api)
2022-11-27 16:27:49.606 [main] INFO  org.springframework.boot.SpringApplication.logStartupProfileInfo(SpringApplication.java:637) - The following 1 profile is active: "dev"
2022-11-27 16:27:50.496 [main] INFO  org.springframework.boot.web.embedded.tomcat.TomcatWebServer.initialize(TomcatWebServer.java:108) - Tomcat initialized with port(s): 8888 (http)
2022-11-27 16:27:50.505 [main] INFO  org.apache.juli.logging.DirectJDKLog.log(DirectJDKLog.java:173) - Initializing ProtocolHandler ["http-nio-8888"]
2022-11-27 16:27:50.505 [main] INFO  org.apache.juli.logging.DirectJDKLog.log(DirectJDKLog.java:173) - Starting service [Tomcat]
2022-11-27 16:27:50.506 [main] INFO  org.apache.juli.logging.DirectJDKLog.log(DirectJDKLog.java:173) - Starting Servlet engine: [Apache Tomcat/9.0.69]
2022-11-27 16:27:50.665 [main] INFO  org.apache.juli.logging.DirectJDKLog.log(DirectJDKLog.java:173) - Initializing Spring embedded WebApplicationContext
2022-11-27 16:27:50.665 [main] INFO  org.springframework.boot.web.servlet.context.ServletWebServerApplicationContext.prepareWebApplicationContext(ServletWebServerApplicationContext.java:292) - Root WebApplicationContext: initialization completed in 1020 ms
2022-11-27 16:27:51.121 [main] INFO  org.apache.juli.logging.DirectJDKLog.log(DirectJDKLog.java:173) - Starting ProtocolHandler ["http-nio-8888"]
2022-11-27 16:27:51.136 [main] INFO  org.springframework.boot.web.embedded.tomcat.TomcatWebServer.start(TomcatWebServer.java:220) - Tomcat started on port(s): 8888 (http) with context path ''
2022-11-27 16:27:51.147 [main] INFO  org.springframework.boot.StartupInfoLogger.logStarted(StartupInfoLogger.java:61) - Started BlogApiApplication in 2.144 seconds (JVM running for 3.741)
